java.lang.reflect.InvocationTargetException
	at sun.reflect.NativeMethodAccessorImpl.invoke0(Native Method)
	at sun.reflect.NativeMethodAccessorImpl.invoke(NativeMethodAccessorImpl.java:57)
	at sun.reflect.DelegatingMethodAccessorImpl.invoke(DelegatingMethodAccessorImpl.java:43)
	at java.lang.reflect.Method.invoke(Method.java:601)
	at org.codehaus.groovy.tools.GroovyStarter.rootLoader(GroovyStarter.java:106)
	at org.codehaus.groovy.tools.GroovyStarter.main(GroovyStarter.java:128)
Caused by: org.codehaus.groovy.control.MultipleCompilationErrorsException: startup failed:
script1407841398903146878589.groovy: 1: unexpected char: '`' @ line 1, column 213.
   import Filter as filter;PROGS=`pwd/qcbin
                                 ^

1 error

	at org.codehaus.groovy.control.ErrorCollector.failIfErrors(ErrorCollector.java:309)
	at org.codehaus.groovy.control.ErrorCollector.addFatalError(ErrorCollector.java:149)
	at org.codehaus.groovy.control.ErrorCollector.addError(ErrorCollector.java:119)
	at org.codehaus.groovy.control.ErrorCollector.addError(ErrorCollector.java:131)
	at org.codehaus.groovy.control.SourceUnit.addError(SourceUnit.java:359)
	at org.codehaus.groovy.antlr.AntlrParserPlugin.transformCSTIntoAST(AntlrParserPlugin.java:137)
	at org.codehaus.groovy.antlr.AntlrParserPlugin.parseCST(AntlrParserPlugin.java:108)
	at org.codehaus.groovy.control.SourceUnit.parse(SourceUnit.java:236)
	at org.codehaus.groovy.control.CompilationUnit$1.call(CompilationUnit.java:163)
	at org.codehaus.groovy.control.CompilationUnit.applyToSourceUnits(CompilationUnit.java:912)
	at org.codehaus.groovy.control.CompilationUnit.doPhaseOperation(CompilationUnit.java:575)
	at org.codehaus.groovy.control.CompilationUnit.processPhaseOperations(CompilationUnit.java:551)
	at org.codehaus.groovy.control.CompilationUnit.compile(CompilationUnit.java:528)
	at groovy.lang.GroovyClassLoader.doParseClass(GroovyClassLoader.java:279)
	at groovy.lang.GroovyClassLoader.parseClass(GroovyClassLoader.java:258)
	at groovy.lang.GroovyClassLoader.parseClass(GroovyClassLoader.java:244)
	at groovy.lang.GroovyClassLoader.parseClass(GroovyClassLoader.java:202)
	at groovy.lang.GroovyClassLoader.parseClass(GroovyClassLoader.java:212)
	at groovy.lang.GroovyClassLoader$parseClass.call(Unknown Source)
	at org.codehaus.groovy.runtime.callsite.CallSiteArray.defaultCall(CallSiteArray.java:45)
	at org.codehaus.groovy.runtime.callsite.AbstractCallSite.call(AbstractCallSite.java:108)
	at org.codehaus.groovy.runtime.callsite.AbstractCallSite.call(AbstractCallSite.java:116)
	at bpipe.Runner.main(Runner.groovy:318)
	... 6 more
