bpipe.Runner	INFO	|5:09:16 Starting 
bpipe.Runner	INFO	|5:09:16 OS: Linux (3.5.0-51-generic) Java: 1.7.0_55 Vendor: Oracle Corporation 
bpipe.Config	INFO	|5:09:17 No local configuration file found 
bpipe.ToolDatabase	INFO	|5:09:17 Loading tool database from user configuration 
bpipe.Tool	INFO	|5:09:17 Configured meta data about tool samtools 
bpipe.Tool	INFO	|5:09:17 Configured meta data about tool bwa 
bpipe.Tool	INFO	|5:09:17 Configured meta data about tool bowtie 
bpipe.Tool	INFO	|5:09:17 Configured meta data about tool fastqc 
bpipe.Tool	INFO	|5:09:17 Configured meta data about tool coverageBed 
bpipe.Tool	INFO	|5:09:17 Configured meta data about tool fastx_clipper 
bpipe.Tool	INFO	|5:09:17 Configured meta data about tool convert2annovar.pl 
bpipe.Tool	INFO	|5:09:17 Configured meta data about tool summarize_annovar.pl 
bpipe.Tool	INFO	|5:09:17 Configured meta data about tool bowtie2 
bpipe.Tool	INFO	|5:09:17 Configured meta data about tool GenomeAnalysisTK 
bpipe.Tool	INFO	|5:09:17 Configured meta data about tool MarkDuplicates 
bpipe.Tool	INFO	|5:09:17 Configured meta data about tool signalp 
bpipe.Tool	INFO	|5:09:17 Configured meta data about tool ls 
bpipe.Runner	INFO	|5:09:17 No CLI parameters specified 
bpipe.Pipeline	INFO	|5:09:17 Running with input null 
bpipe.PipelineCategory	INFO	|5:09:17 Found closure variable test 
bpipe.Pipeline	WARNING	|5:09:17 Pipeline folder /home/km/bpipes could not be found 
bpipe.Pipeline	INFO	|5:09:17 Running segment with inputs null 
bpipe.Dependencies	INFO	|5:09:17 Checking null 
bpipe.PipelineStage	INFO	|5:09:17 Stage test : INPUT=null OUTPUT=test 
bpipe.PipelineContext	INFO	|5:09:17 Tracking outputs referenced=[[]] inferred=[[]] for command echo $QCBIN 
bpipe.PipelineContext	INFO	|5:09:17 Checking actual resolved inputs [] 
bpipe.CommandManager	INFO	|5:09:17 Checking for configuration for command echo 
bpipe.CommandManager	INFO	|5:09:17 Default command properties: [executor:local] 
bpipe.CommandManager	INFO	|5:09:17 Using config [executor:local] for command 
bpipe.CommandManager	INFO	|5:09:17 Created bpipe command id 2 
bpipe.Concurrency	INFO	|5:09:17 Creating thread pool with 32 threads to execute parallel pipelines 
bpipe.Concurrency	INFO	|5:09:17 Thread main requesting for 1 concurrency permit(s) type threads with 32 available 
bpipe.Concurrency	INFO	|5:09:17 Thread main acquired resource threads in amount 1 
bpipe.executor.ThrottledDelegatingCommandExecutor	INFO	|5:09:17 Waiting for command to complete before releasing 1 resources 
bpipe.executor.ThrottledDelegatingCommandExecutor	INFO	|5:09:17 Releasing 1 resources 
bpipe.Concurrency	INFO	|5:09:17 Thread main releasing 1 threads 
bpipe.executor.ThrottledDelegatingCommandExecutor	INFO	|5:09:17 Released 1 resources 
bpipe.PipelineStage	INFO	|5:09:17 Stage test returned null as default inputs for next stage 
bpipe.PipelineStage	INFO	|5:09:17 Removing inferred outputs matching [\.bai$, \.log$] 
bpipe.PipelineStage	INFO	|5:09:17 Inferring nextInputs from inputs bpipe.PipelineContext@6a64c7c9.@input 
bpipe.PipelineContext	INFO	|5:09:17 Setting output null on context 1784989641 in thread 1 
bpipe.PipelineStage	INFO	|5:09:17 Setting next inputs null on stage 2121831344, context 1784989641 in thread 1 
bpipe.PipelineStage	INFO	|5:09:17 Checking files: null 
bpipe.Dependencies	INFO	|5:09:17 Checking null 
bpipe.Pipeline	INFO	|5:09:17 Finished running segment for inputs null 
bpipe.Pipeline	INFO	|5:09:17 No tracked output files from this run 
