bpipe.Runner	INFO	|4:52:09 Starting 
bpipe.Runner	INFO	|4:52:09 OS: Linux (3.8.0-33-generic) Java: 1.7.0_11 Vendor: Oracle Corporation 
bpipe.Config	INFO	|4:52:09 No configuration file found in same dir as pipeline file 
bpipe.Config	INFO	|4:52:09 No local configuration file found 
bpipe.ToolDatabase	INFO	|4:52:09 Loading tool database from user configuration 
bpipe.Tool	INFO	|4:52:09 Configured meta data about tool samtools 
bpipe.Tool	INFO	|4:52:09 Configured meta data about tool bwa 
bpipe.Tool	INFO	|4:52:09 Configured meta data about tool bowtie 
bpipe.Tool	INFO	|4:52:09 Configured meta data about tool fastqc 
bpipe.Tool	INFO	|4:52:09 Configured meta data about tool coverageBed 
bpipe.Tool	INFO	|4:52:09 Configured meta data about tool fastx_clipper 
bpipe.Tool	INFO	|4:52:09 Configured meta data about tool convert2annovar.pl 
bpipe.Tool	INFO	|4:52:09 Configured meta data about tool summarize_annovar.pl 
bpipe.Tool	INFO	|4:52:09 Configured meta data about tool bowtie2 
bpipe.Tool	INFO	|4:52:09 Configured meta data about tool GenomeAnalysisTK 
bpipe.Tool	INFO	|4:52:09 Configured meta data about tool MarkDuplicates 
bpipe.Tool	INFO	|4:52:09 Configured meta data about tool signalp 
bpipe.Tool	INFO	|4:52:09 Configured meta data about tool ls 
bpipe.Runner	INFO	|4:52:09 No CLI parameters specified 
bpipe.Pipeline	INFO	|4:52:09 Running with input null 
bpipe.PipelineCategory	INFO	|4:52:10 Found closure variable baseqc 
bpipe.PipelineCategory	INFO	|4:52:10 Found closure variable qtrim 
bpipe.PipelineCategory	INFO	|4:52:10 Found closure variable baseqc1 
bpipe.Pipeline	WARNING	|4:52:10 Pipeline folder /home/km/bpipes could not be found 
bpipe.Pipeline	INFO	|4:52:10 Loaded external reference: args 
bpipe.Pipeline	INFO	|4:52:10 External reference args is overridden by local reference 
bpipe.Pipeline	INFO	|4:52:10 Loaded external reference: baseqc 
bpipe.Pipeline	INFO	|4:52:10 External reference baseqc is overridden by local reference 
bpipe.Pipeline	INFO	|4:52:10 Loaded external reference: qtrim 
bpipe.Pipeline	INFO	|4:52:10 External reference qtrim is overridden by local reference 
bpipe.Pipeline	INFO	|4:52:10 Loaded external reference: baseqc1 
bpipe.Pipeline	INFO	|4:52:10 External reference baseqc1 is overridden by local reference 
bpipe.Pipeline	INFO	|4:52:10 Running segment with inputs null 
bpipe.Dependencies	INFO	|4:52:10 Checking null 
bpipe.Dependencies	INFO	|4:52:10 Checking null 
bpipe.Dependencies	INFO	|4:52:10 Checking null 
bpipe.PipelineStage	INFO	|4:52:10 Stage baseqc : INPUT=null OUTPUT=baseqc 
bpipe.PipelineContext	INFO	|4:52:10 Searching for inputs matching spec [Read1.gz, Read2.gz] 
bpipe.PipelineContext	INFO	|4:52:10 Input list to check:  [[], [], [], []] 
bpipe.PipelineContext	INFO	|4:52:10 Matched : [] 
bpipe.PipelineContext	INFO	|4:52:10 Matched : [] 
bpipe.PipelineContext	INFO	|4:52:10 Matched : [] 
bpipe.PipelineContext	INFO	|4:52:10 Matched : [] 
bpipe.PipelineContext	INFO	|4:52:10 Matched : [] 
bpipe.PipelineContext	INFO	|4:52:10 Matched : [] 
bpipe.PipelineContext	INFO	|4:52:10 Matched : [] 
bpipe.PipelineContext	INFO	|4:52:10 Matched : [] 
bpipe.PipelineContext	INFO	|4:52:10 Found inputs [Read1.gz, Read2.gz] for spec [Read1.gz, Read2.gz] 
bpipe.PipelineContext	INFO	|4:52:10 Tracking outputs referenced=[[]] inferred=[[]] for command  $QCBIN/QC_reads_gz Read1.gz 
bpipe.PipelineContext	INFO	|4:52:10 Checking actual resolved inputs [Read1.gz, Read2.gz] 
bpipe.Command	INFO	|4:52:10 Checking for configuration for command $QCBIN/QC_reads_gz 
bpipe.Command	INFO	|4:52:10 Default command properties: [executor:local] 
bpipe.CommandManager	INFO	|4:52:10 Using config [executor:local] for command 
bpipe.CommandManager	INFO	|4:52:10 Created bpipe command id 1 
bpipe.Concurrency	INFO	|4:52:10 Creating thread pool with 32 threads to execute parallel pipelines 
bpipe.Concurrency	INFO	|4:52:10 Thread main requesting for 1 concurrency permit(s) type threads with 32 available 
bpipe.Concurrency	INFO	|4:52:10 Thread main acquired resource threads in amount 1 
bpipe.executor.ThrottledDelegatingCommandExecutor	INFO	|4:52:10 Waiting for command to complete before releasing 1 resources 
bpipe.executor.ThrottledDelegatingCommandExecutor	INFO	|4:52:10 Releasing 1 resources 
bpipe.Concurrency	INFO	|4:52:10 Thread main releasing 1 threads 
bpipe.executor.ThrottledDelegatingCommandExecutor	INFO	|4:52:10 Released 1 resources 
bpipe.PipelineContext	INFO	|4:52:10 Tracking outputs referenced=[[]] inferred=[[]] for command  $QCBIN/QC_reads_gz Read2.gz 
bpipe.PipelineContext	INFO	|4:52:10 Checking actual resolved inputs [Read1.gz, Read2.gz] 
bpipe.Command	INFO	|4:52:10 Checking for configuration for command $QCBIN/QC_reads_gz 
bpipe.Command	INFO	|4:52:10 Default command properties: [executor:local] 
bpipe.CommandManager	INFO	|4:52:10 Using config [executor:local] for command 
bpipe.CommandManager	INFO	|4:52:10 Created bpipe command id 2 
bpipe.Concurrency	INFO	|4:52:10 Thread main requesting for 1 concurrency permit(s) type threads with 32 available 
bpipe.Concurrency	INFO	|4:52:10 Thread main acquired resource threads in amount 1 
bpipe.executor.ThrottledDelegatingCommandExecutor	INFO	|4:52:10 Waiting for command to complete before releasing 1 resources 
bpipe.executor.ThrottledDelegatingCommandExecutor	INFO	|4:52:10 Releasing 1 resources 
bpipe.Concurrency	INFO	|4:52:10 Thread main releasing 1 threads 
bpipe.executor.ThrottledDelegatingCommandExecutor	INFO	|4:52:10 Released 1 resources 
bpipe.PipelineStage	INFO	|4:52:10 Stage baseqc returned null as default inputs for next stage 
bpipe.PipelineStage	INFO	|4:52:10 Removing inferred outputs matching [\.bai$, \.log$] 
bpipe.PipelineStage	INFO	|4:52:10 Inferring nextInputs from inputs bpipe.PipelineContext@343dd4b6.@input 
bpipe.PipelineContext	INFO	|4:52:10 Setting output null on context 876467382 in thread 1 
bpipe.PipelineStage	INFO	|4:52:10 Setting next inputs null on stage 1196954501, context 876467382 in thread 1 
bpipe.PipelineStage	INFO	|4:52:10 Checking files: null 
bpipe.Dependencies	INFO	|4:52:10 Checking null 
bpipe.Dependencies	INFO	|4:52:10 Checking null 
bpipe.PipelineCategory	INFO	|4:52:10 Next inputs from stage = null 
bpipe.PipelineCategory	INFO	|4:52:10 Checking inputs for next stage:  null 
bpipe.Dependencies	INFO	|4:52:10 Checking null 
bpipe.Dependencies	INFO	|4:52:10 Checking null 
bpipe.PipelineStage	INFO	|4:52:10 Stage qtrim : INPUT=null OUTPUT=qtrim 
bpipe.PipelineContext	INFO	|4:52:10 Searching for inputs matching spec [Read1.gz, Read2.gz] 
bpipe.PipelineContext	INFO	|4:52:10 Input list to check:  [[], [], [], [], []] 
bpipe.PipelineContext	INFO	|4:52:10 Matched : [] 
bpipe.PipelineContext	INFO	|4:52:10 Matched : [] 
bpipe.PipelineContext	INFO	|4:52:10 Matched : [] 
bpipe.PipelineContext	INFO	|4:52:10 Matched : [] 
bpipe.PipelineContext	INFO	|4:52:10 Matched : [] 
bpipe.PipelineContext	INFO	|4:52:10 Matched : [] 
bpipe.PipelineContext	INFO	|4:52:10 Matched : [] 
bpipe.PipelineContext	INFO	|4:52:10 Matched : [] 
bpipe.PipelineContext	INFO	|4:52:10 Matched : [] 
bpipe.PipelineContext	INFO	|4:52:10 Matched : [] 
bpipe.PipelineContext	INFO	|4:52:10 Found inputs [Read1.gz, Read2.gz] for spec [Read1.gz, Read2.gz] 
bpipe.PipelineDelegate	INFO	|4:52:10 Input 1 reference resolved by PipelineDelegate 
bpipe.PipelineDelegate	INFO	|4:52:10 Input 2 reference resolved by PipelineDelegate 
bpipe.PipelineDelegate	INFO	|4:52:10 Output 1 reference resolved by PipelineDelegate 
bpipe.PipelineContext	INFO	|4:52:10 Using non-default output due to input property reference: Read1.gz from resolved inputs [Read1.gz, Read2.gz] 
bpipe.PipelineContext	INFO	|4:52:10 Query for output 0 base result = Read1.gz.qtrim 
bpipe.PipelineDelegate	INFO	|4:52:10 Output 2 reference resolved by PipelineDelegate 
bpipe.PipelineContext	INFO	|4:52:10 Using non-default output due to input property reference: Read1.gz from resolved inputs [Read1.gz, Read2.gz] 
bpipe.PipelineContext	INFO	|4:52:10 No previously set output at 1 from 1 outputs. Synthesizing from index based on first output 
bpipe.PipelineContext	INFO	|4:52:10 Query for output 1 base result = Read1.gz.2.qtrim 
bpipe.PipelineDelegate	INFO	|4:52:10 Output 3 reference resolved by PipelineDelegate 
bpipe.PipelineContext	INFO	|4:52:10 Using non-default output due to input property reference: Read1.gz from resolved inputs [Read1.gz, Read2.gz] 
bpipe.PipelineContext	INFO	|4:52:10 No previously set output at 2 from 1 outputs. Synthesizing from index based on first output 
bpipe.PipelineContext	INFO	|4:52:10 Query for output 2 base result = Read1.gz.3.qtrim 
bpipe.PipelineContext	INFO	|4:52:10 Tracking outputs referenced=[[]] inferred=[[Read1.gz.qtrim, Read1.gz.2.qtrim, Read1.gz.3.qtrim]] for command  $QCBIN/sickle pe -f <(zcat Read1.gz) -r <(zcat Read2.gz) -o Read1.gz.qtrim -p Read1.gz.2.qtrim -s Read1.gz.3.qtrim  -l 50 -n -t sanger  
bpipe.PipelineContext	INFO	|4:52:10 Checking actual resolved inputs [Read1.gz, Read2.gz] 
bpipe.Utils	INFO	|4:52:10 ===== Check Read1.gz.qtrim ===== 
bpipe.Utils	INFO	|4:52:10 file doesn't exist: Read1.gz.qtrim 
bpipe.Utils	INFO	|4:52:10 ===== Check Read1.gz.2.qtrim ===== 
bpipe.Utils	INFO	|4:52:10 file doesn't exist: Read1.gz.2.qtrim 
bpipe.Utils	INFO	|4:52:10 ===== Check Read1.gz.3.qtrim ===== 
bpipe.Utils	INFO	|4:52:10 file doesn't exist: Read1.gz.3.qtrim 
bpipe.Dependencies	INFO	|4:52:10 Found these missing / older files: [Read1.gz.qtrim, Read1.gz.2.qtrim, Read1.gz.3.qtrim] 
bpipe.Dependencies	INFO	|4:52:10 Some files are outdated : [Read1.gz.qtrim, Read1.gz.2.qtrim, Read1.gz.3.qtrim] 
bpipe.Command	INFO	|4:52:10 Checking for configuration for command $QCBIN/sickle 
bpipe.Command	INFO	|4:52:10 Default command properties: [executor:local] 
bpipe.CommandManager	INFO	|4:52:10 Using config [executor:local] for command 
bpipe.CommandManager	INFO	|4:52:10 Created bpipe command id 3 
bpipe.Concurrency	INFO	|4:52:10 Thread main requesting for 1 concurrency permit(s) type threads with 32 available 
bpipe.Concurrency	INFO	|4:52:10 Thread main acquired resource threads in amount 1 
bpipe.executor.ThrottledDelegatingCommandExecutor	INFO	|4:52:11 Waiting for command to complete before releasing 1 resources 
bpipe.executor.ThrottledDelegatingCommandExecutor	INFO	|4:52:11 Releasing 1 resources 
bpipe.Concurrency	INFO	|4:52:11 Thread main releasing 1 threads 
bpipe.executor.ThrottledDelegatingCommandExecutor	INFO	|4:52:11 Released 1 resources 
bpipe.PipelineStage	INFO	|4:52:11 Stage qtrim returned null as default inputs for next stage 
bpipe.PipelineStage	INFO	|4:52:11 Using inferred outputs [Read1.gz.qtrim, Read1.gz.2.qtrim, Read1.gz.3.qtrim] as outputs because no explicit outputs set 
bpipe.PipelineStage	INFO	|4:52:11 Inferring nextInputs from explicit output as [Read1.gz.qtrim, Read1.gz.2.qtrim, Read1.gz.3.qtrim] 
bpipe.PipelineStage	INFO	|4:52:11 Setting next inputs [Read1.gz.qtrim, Read1.gz.2.qtrim, Read1.gz.3.qtrim] on stage 598993072, context 2020707615 in thread 1 
bpipe.Dependencies	INFO	|4:52:11 Context 2020707615 for stage qtrim has resolved inputs [Read1.gz, Read2.gz] 
bpipe.Dependencies	INFO	|4:52:11 Saving output file details to file .bpipe/outputs/qtrim.Read1.gz.qtrim.properties for command $QCBIN/sickle pe -f ... 
bpipe.Dependencies	INFO	|4:52:11 Context 2020707615 for stage qtrim has resolved inputs [Read1.gz, Read2.gz] 
bpipe.Dependencies	INFO	|4:52:11 Saving output file details to file .bpipe/outputs/qtrim.Read1.gz.2.qtrim.properties for command $QCBIN/sickle pe -f ... 
bpipe.Dependencies	INFO	|4:52:11 Context 2020707615 for stage qtrim has resolved inputs [Read1.gz, Read2.gz] 
bpipe.Dependencies	INFO	|4:52:11 Saving output file details to file .bpipe/outputs/qtrim.Read1.gz.3.qtrim.properties for command $QCBIN/sickle pe -f ... 
bpipe.PipelineStage	INFO	|4:52:11 Checking files: [Read1.gz.qtrim, Read1.gz.2.qtrim, Read1.gz.3.qtrim] 
bpipe.Dependencies	INFO	|4:52:11 Checking [Read1.gz.qtrim, Read1.gz.2.qtrim, Read1.gz.3.qtrim] 
bpipe.Dependencies	INFO	|4:52:11  Checking file Read1.gz.qtrim 
bpipe.Dependencies	INFO	|4:52:11  Checking file Read1.gz.2.qtrim 
bpipe.Dependencies	INFO	|4:52:11  Checking file Read1.gz.3.qtrim 
bpipe.PipelineContext	INFO	|4:52:11 Setting output [Read1.gz.qtrim, Read1.gz.2.qtrim, Read1.gz.3.qtrim] on context 339673901 in thread 1 
bpipe.PipelineStage	INFO	|4:52:11 Setting next inputs [Read1.gz.qtrim, Read1.gz.2.qtrim, Read1.gz.3.qtrim] on stage 872627444, context 339673901 in thread 1 
bpipe.PipelineStage	INFO	|4:52:11 Checking files: [Read1.gz.qtrim, Read1.gz.2.qtrim, Read1.gz.3.qtrim] 
bpipe.Dependencies	INFO	|4:52:11 Checking [Read1.gz.qtrim, Read1.gz.2.qtrim, Read1.gz.3.qtrim] 
bpipe.Dependencies	INFO	|4:52:11  Checking file Read1.gz.qtrim 
bpipe.Dependencies	INFO	|4:52:11  Checking file Read1.gz.2.qtrim 
bpipe.Dependencies	INFO	|4:52:11  Checking file Read1.gz.3.qtrim 
bpipe.Dependencies	INFO	|4:52:11 Checking [Read1.gz.qtrim, Read1.gz.2.qtrim, Read1.gz.3.qtrim] 
bpipe.Dependencies	INFO	|4:52:11  Checking file Read1.gz.qtrim 
bpipe.Dependencies	INFO	|4:52:11  Checking file Read1.gz.2.qtrim 
bpipe.Dependencies	INFO	|4:52:11  Checking file Read1.gz.3.qtrim 
bpipe.PipelineCategory	INFO	|4:52:11 Next inputs from stage = [Read1.gz.qtrim, Read1.gz.2.qtrim, Read1.gz.3.qtrim] 
bpipe.PipelineCategory	INFO	|4:52:11 Checking inputs for next stage:  [Read1.gz.qtrim, Read1.gz.2.qtrim, Read1.gz.3.qtrim] 
bpipe.Dependencies	INFO	|4:52:11 Checking [Read1.gz.qtrim, Read1.gz.2.qtrim, Read1.gz.3.qtrim] 
bpipe.Dependencies	INFO	|4:52:11  Checking file Read1.gz.qtrim 
bpipe.Dependencies	INFO	|4:52:11  Checking file Read1.gz.2.qtrim 
bpipe.Dependencies	INFO	|4:52:11  Checking file Read1.gz.3.qtrim 
bpipe.Dependencies	INFO	|4:52:11 Checking [Read1.gz.qtrim, Read1.gz.2.qtrim, Read1.gz.3.qtrim] 
bpipe.Dependencies	INFO	|4:52:11  Checking file Read1.gz.qtrim 
bpipe.Dependencies	INFO	|4:52:11  Checking file Read1.gz.2.qtrim 
bpipe.Dependencies	INFO	|4:52:11  Checking file Read1.gz.3.qtrim 
bpipe.PipelineStage	INFO	|4:52:11 Stage baseqc1 : INPUT=[Read1.gz.qtrim, Read1.gz.2.qtrim, Read1.gz.3.qtrim] OUTPUT=Read1.gz.qtrim.baseqc1 
bpipe.PipelineDelegate	INFO	|4:52:11 Input 1 reference resolved by PipelineDelegate 
bpipe.PipelineInput	INFO	|4:52:11 Searching for missing Property: qtrim 
bpipe.PipelineInput	INFO	|4:52:11 Checking outputs [Read1.gz.qtrim, Read1.gz.2.qtrim, Read1.gz.3.qtrim] 
bpipe.PipelineInput	INFO	|4:52:11 Found files with exts [qtrim$] : [[Read1.gz.qtrim, Read1.gz.2.qtrim, Read1.gz.3.qtrim]] 
bpipe.PipelineInput	INFO	|4:52:11 Adding resolved input Read1.gz.qtrim 
bpipe.PipelineContext	INFO	|4:52:11 Tracking outputs referenced=[[]] inferred=[[]] for command $QCBIN/QC_reads_fastq Read1.gz.qtrim 
bpipe.PipelineContext	INFO	|4:52:11 Checking actual resolved inputs [Read1.gz.qtrim] 
bpipe.Command	INFO	|4:52:11 Checking for configuration for command $QCBIN/QC_reads_fastq 
bpipe.Command	INFO	|4:52:11 Default command properties: [executor:local] 
bpipe.CommandManager	INFO	|4:52:11 Using config [executor:local] for command 
bpipe.CommandManager	INFO	|4:52:11 Created bpipe command id 4 
bpipe.Concurrency	INFO	|4:52:11 Thread main requesting for 1 concurrency permit(s) type threads with 32 available 
bpipe.Concurrency	INFO	|4:52:11 Thread main acquired resource threads in amount 1 
bpipe.executor.ThrottledDelegatingCommandExecutor	INFO	|4:52:11 Waiting for command to complete before releasing 1 resources 
bpipe.executor.ThrottledDelegatingCommandExecutor	INFO	|4:52:11 Releasing 1 resources 
bpipe.Concurrency	INFO	|4:52:11 Thread main releasing 1 threads 
bpipe.executor.ThrottledDelegatingCommandExecutor	INFO	|4:52:11 Released 1 resources 
bpipe.PipelineDelegate	INFO	|4:52:11 Input 2 reference resolved by PipelineDelegate 
bpipe.PipelineInput	INFO	|4:52:11 Searching for missing Property: qtrim 
bpipe.PipelineInput	INFO	|4:52:11 Checking outputs [Read1.gz.qtrim, Read1.gz.2.qtrim, Read1.gz.3.qtrim] 
bpipe.PipelineInput	INFO	|4:52:11 Found files with exts [qtrim$] : [[Read1.gz.qtrim, Read1.gz.2.qtrim, Read1.gz.3.qtrim]] 
bpipe.PipelineInput	INFO	|4:52:11 Adding resolved input Read1.gz.2.qtrim 
bpipe.PipelineContext	INFO	|4:52:11 Tracking outputs referenced=[[]] inferred=[[]] for command $QCBIN/QC_reads_fastq Read1.gz.2.qtrim 
bpipe.PipelineContext	INFO	|4:52:11 Checking actual resolved inputs [Read1.gz.qtrim] 
bpipe.Command	INFO	|4:52:11 Checking for configuration for command $QCBIN/QC_reads_fastq 
bpipe.Command	INFO	|4:52:11 Default command properties: [executor:local] 
bpipe.CommandManager	INFO	|4:52:11 Using config [executor:local] for command 
bpipe.CommandManager	INFO	|4:52:11 Created bpipe command id 5 
bpipe.Concurrency	INFO	|4:52:11 Thread main requesting for 1 concurrency permit(s) type threads with 32 available 
bpipe.Concurrency	INFO	|4:52:11 Thread main acquired resource threads in amount 1 
bpipe.executor.ThrottledDelegatingCommandExecutor	INFO	|4:52:11 Waiting for command to complete before releasing 1 resources 
bpipe.executor.ThrottledDelegatingCommandExecutor	INFO	|4:52:11 Releasing 1 resources 
bpipe.Concurrency	INFO	|4:52:11 Thread main releasing 1 threads 
bpipe.executor.ThrottledDelegatingCommandExecutor	INFO	|4:52:11 Released 1 resources 
bpipe.PipelineDelegate	INFO	|4:52:11 Input 3 reference resolved by PipelineDelegate 
bpipe.PipelineInput	INFO	|4:52:11 Searching for missing Property: qtrim 
bpipe.PipelineInput	INFO	|4:52:11 Checking outputs [Read1.gz.qtrim, Read1.gz.2.qtrim, Read1.gz.3.qtrim] 
bpipe.PipelineInput	INFO	|4:52:11 Found files with exts [qtrim$] : [[Read1.gz.qtrim, Read1.gz.2.qtrim, Read1.gz.3.qtrim]] 
bpipe.PipelineInput	INFO	|4:52:11 Adding resolved input Read1.gz.3.qtrim 
bpipe.PipelineContext	INFO	|4:52:11 Tracking outputs referenced=[[]] inferred=[[]] for command $QCBIN/QC_reads_fastq Read1.gz.3.qtrim 
bpipe.PipelineContext	INFO	|4:52:11 Checking actual resolved inputs [Read1.gz.qtrim] 
bpipe.Command	INFO	|4:52:11 Checking for configuration for command $QCBIN/QC_reads_fastq 
bpipe.Command	INFO	|4:52:11 Default command properties: [executor:local] 
bpipe.CommandManager	INFO	|4:52:11 Using config [executor:local] for command 
bpipe.CommandManager	INFO	|4:52:11 Created bpipe command id 6 
bpipe.Concurrency	INFO	|4:52:11 Thread main requesting for 1 concurrency permit(s) type threads with 32 available 
bpipe.Concurrency	INFO	|4:52:11 Thread main acquired resource threads in amount 1 
bpipe.executor.ThrottledDelegatingCommandExecutor	INFO	|4:52:11 Waiting for command to complete before releasing 1 resources 
bpipe.executor.ThrottledDelegatingCommandExecutor	INFO	|4:52:11 Releasing 1 resources 
bpipe.Concurrency	INFO	|4:52:11 Thread main releasing 1 threads 
bpipe.executor.ThrottledDelegatingCommandExecutor	INFO	|4:52:11 Released 1 resources 
bpipe.PipelineStage	INFO	|4:52:11 Stage baseqc1 returned [Read1.gz.qtrim, Read1.gz.2.qtrim, Read1.gz.3.qtrim] as default inputs for next stage 
bpipe.PipelineContext	INFO	|4:52:11 Setting output [Read1.gz.qtrim, Read1.gz.2.qtrim, Read1.gz.3.qtrim] on context 428988550 in thread 1 
bpipe.PipelineStage	INFO	|4:52:11 Setting next inputs [Read1.gz.qtrim, Read1.gz.2.qtrim, Read1.gz.3.qtrim] on stage 907956871, context 428988550 in thread 1 
bpipe.PipelineStage	INFO	|4:52:11 Checking files: [Read1.gz.qtrim, Read1.gz.2.qtrim, Read1.gz.3.qtrim] 
bpipe.Dependencies	INFO	|4:52:11 Checking [Read1.gz.qtrim, Read1.gz.2.qtrim, Read1.gz.3.qtrim] 
bpipe.Dependencies	INFO	|4:52:11  Checking file Read1.gz.qtrim 
bpipe.Dependencies	INFO	|4:52:11  Checking file Read1.gz.2.qtrim 
bpipe.Dependencies	INFO	|4:52:11  Checking file Read1.gz.3.qtrim 
bpipe.PipelineContext	INFO	|4:52:11 Setting output [Read1.gz.qtrim, Read1.gz.2.qtrim, Read1.gz.3.qtrim] on context 1149978970 in thread 1 
bpipe.PipelineStage	INFO	|4:52:11 Setting next inputs [Read1.gz.qtrim, Read1.gz.2.qtrim, Read1.gz.3.qtrim] on stage 310016000, context 1149978970 in thread 1 
bpipe.PipelineStage	INFO	|4:52:11 Checking files: [Read1.gz.qtrim, Read1.gz.2.qtrim, Read1.gz.3.qtrim] 
bpipe.Dependencies	INFO	|4:52:11 Checking [Read1.gz.qtrim, Read1.gz.2.qtrim, Read1.gz.3.qtrim] 
bpipe.Dependencies	INFO	|4:52:11  Checking file Read1.gz.qtrim 
bpipe.Dependencies	INFO	|4:52:11  Checking file Read1.gz.2.qtrim 
bpipe.Dependencies	INFO	|4:52:11  Checking file Read1.gz.3.qtrim 
bpipe.Pipeline	INFO	|4:52:11 Finished running segment for inputs null 
bpipe.Dependencies	INFO	|4:52:11 Reading property file .bpipe/outputs/qtrim.Read1.gz.qtrim.properties 
bpipe.Dependencies	INFO	|4:52:11 Reading property file .bpipe/outputs/qtrim.Read1.gz.2.qtrim.properties 
bpipe.Dependencies	INFO	|4:52:11 Reading property file .bpipe/outputs/qtrim.Read1.gz.3.qtrim.properties 
bpipe.Dependencies	INFO	|4:52:11 External inputs: [[Read1.gz, Read2.gz], [Read1.gz, Read2.gz], [Read1.gz, Read2.gz]] for outputs [Read1.gz.qtrim, Read1.gz.2.qtrim, Read1.gz.3.qtrim] 
bpipe.Dependencies	INFO	|4:52:11 There are 1 output groups 
bpipe.Dependencies	INFO	|4:52:11 Subtracting 3 remaining outputs from 3 total outputs 
bpipe.Dependencies	INFO	|4:52:11 There are 0 remaining outputs 
bpipe.Dependencies	INFO	|4:52:11 -- Read1.gz.qtrim / entry 1795834361 --- 
bpipe.Dependencies	INFO	|4:52:11 Read1.gz.qtrim is newer than input files 
bpipe.Dependencies	INFO	|4:52:11 - Read1.gz.2.qtrim / entry 1795834361 -- 
bpipe.Dependencies	INFO	|4:52:11 Read1.gz.2.qtrim is newer than input files 
bpipe.Dependencies	INFO	|4:52:11 - Read1.gz.3.qtrim / entry 1795834361 -- 
bpipe.Dependencies	INFO	|4:52:11 Read1.gz.3.qtrim is newer than input files 
bpipe.Dependencies	INFO	|4:52:11 ====Finished Output Graph===== 
bpipe.Pipeline	INFO	|4:52:11 Outputs are: 
		Read1.gz.qtrim
		Read1.gz.2.qtrim
		Read1.gz.3.qtrim 
bpipe.Runner	INFO	|4:52:11 Deleting job file /home/km/.bpipedb/jobs/26562 
